Using pre-set license
Built from '2020.2/release' branch; Version is '2020.2.1f1 (270dd8c3da1c) revision 2559448'; Using compiler version '192528614'; Build Type 'Release'
OS: 'Windows 10  (10.0.0) 64bit' Language: 'en' Physical Memory: 32699 MB
BatchMode: 1, IsHumanControllingUs: 0, StartBugReporterOnCrash: 0, Is64bit: 1, IsPro: 0

 COMMAND LINE ARGUMENTS:
D:\Programs\Unity Editors\2020.2.1f1\Editor\Unity.exe
-adb2
-batchMode
-noUpm
-name
AssetImportWorker0
-projectPath
D:/Documents/School/OTU/IMedia/Labs/lab_01-LiamStachiw/lab1
-logFile
Logs/AssetImportWorker0.log
-srvPort
53575
Successfully changed project path to: D:/Documents/School/OTU/IMedia/Labs/lab_01-LiamStachiw/lab1
D:/Documents/School/OTU/IMedia/Labs/lab_01-LiamStachiw/lab1
Using Asset Import Pipeline V2.
Refreshing native plugins compatible for Editor in 30.08 ms, found 1 plugins.
Preloading 0 native plugins for Editor in 0.00 ms.
Initialize engine version: 2020.2.1f1 (270dd8c3da1c)
[Subsystems] Discovering subsystems at path D:/Programs/Unity Editors/2020.2.1f1/Editor/Data/Resources/UnitySubsystems
[Subsystems] Discovering subsystems at path D:/Documents/School/OTU/IMedia/Labs/lab_01-LiamStachiw/lab1/Assets
GfxDevice: creating device client; threaded=0
Direct3D:
    Version:  Direct3D 11.0 [level 11.1]
    Renderer: Radeon RX 580 Series (ID=0x67df)
    Vendor:   
    VRAM:     8171 MB
    Driver:   27.20.14501.28009
Initialize mono
Mono path[0] = 'D:/Programs/Unity Editors/2020.2.1f1/Editor/Data/Managed'
Mono path[1] = 'D:/Programs/Unity Editors/2020.2.1f1/Editor/Data/MonoBleedingEdge/lib/mono/unityjit'
Mono config path = 'D:/Programs/Unity Editors/2020.2.1f1/Editor/Data/MonoBleedingEdge/etc'
Using monoOptions --debugger-agent=transport=dt_socket,embedding=1,server=y,suspend=n,address=127.0.0.1:56040
Begin MonoManager ReloadAssembly
Registering precompiled unity dll's ...
Register platform support module: D:/Programs/Unity Editors/2020.2.1f1/Editor/Data/PlaybackEngines/WindowsStandaloneSupport/UnityEditor.WindowsStandalone.Extensions.dll
Registered in 0.000870 seconds.
Native extension for WindowsStandalone target not found
Refreshing native plugins compatible for Editor in 30.46 ms, found 1 plugins.
Preloading 0 native plugins for Editor in 0.00 ms.
Invoked RoslynAnalysisRunner static constructor.
RoslynAnalysisRunner will not be running.
RoslynAnalysisRunner has terminated.
Mono: successfully reloaded assembly
- Completed reload, in  0.806 seconds
Platform modules already initialized, skipping
Registering precompiled user dll's ...
Registered in 0.000648 seconds.
Begin MonoManager ReloadAssembly
Native extension for WindowsStandalone target not found
Refreshing native plugins compatible for Editor in 30.94 ms, found 1 plugins.
Preloading 0 native plugins for Editor in 0.00 ms.
Invoked RoslynAnalysisRunner static constructor.
RoslynAnalysisRunner will not be running.
RoslynAnalysisRunner has terminated.
Mono: successfully reloaded assembly
- Completed reload, in  0.716 seconds
Platform modules already initialized, skipping
========================================================================
Worker process is ready to serve import requests
Launched and connected shader compiler UnityShaderCompiler.exe after 0.05 seconds
Refreshing native plugins compatible for Editor in 0.37 ms, found 1 plugins.
Preloading 0 native plugins for Editor in 0.00 ms.
Unloading 1787 Unused Serialized files (Serialized files now loaded: 0)
System memory in use before: 83.6 MB.
System memory in use after: 83.5 MB.

Unloading 24 unused Assets to reduce memory usage. Loaded Objects now: 2226.
Total: 1.757300 ms (FindLiveObjects: 0.208600 ms CreateObjectMapping: 0.044900 ms MarkObjects: 1.406200 ms  DeleteObjects: 0.096500 ms)

========================================================================
Received Import Request.
  path: Assets
  artifactKey: Guid(00000000000000001000000000000000) Importer(815301076,1909f56bfc062723c751e8b465ee728b)
Start importing Assets using Guid(00000000000000001000000000000000) Importer(815301076,1909f56bfc062723c751e8b465ee728b)  -> (artifact id: 'e1a2c4dac9df7c17871e19a3b74f0e9f') in 0.005951 seconds
  Import took 0.008894 seconds .

========================================================================
Received Import Request.
  Time since last request: 5.785277 seconds.
  path: Assets/Sprites
  artifactKey: Guid(a8389d0b01c76514397f3a7c956170c9) Importer(815301076,1909f56bfc062723c751e8b465ee728b)
Start importing Assets/Sprites using Guid(a8389d0b01c76514397f3a7c956170c9) Importer(815301076,1909f56bfc062723c751e8b465ee728b)  -> (artifact id: '40c8e9cf4065cba6bb087a1476eb4870') in 0.002949 seconds
  Import took 0.005647 seconds .

========================================================================
Received Import Request.
  Time since last request: 132.459848 seconds.
  path: Assets/Sprites/Idle (1).png
  artifactKey: Guid(a5a9e45ee8dfb1644a5831575a17b205) Importer(815301076,1909f56bfc062723c751e8b465ee728b)
Start importing Assets/Sprites/Idle (1).png using Guid(a5a9e45ee8dfb1644a5831575a17b205) Importer(815301076,1909f56bfc062723c751e8b465ee728b)  -> (artifact id: 'be810a589b670aa1cdc7a203042f5f3a') in 0.108899 seconds
  Import took 0.111918 seconds .

========================================================================
Received Import Request.
  Time since last request: 66.057562 seconds.
  path: Assets/Sprites/Coin1.png
  artifactKey: Guid(e01d09cd0fef30b469dd472fd7a0b878) Importer(815301076,1909f56bfc062723c751e8b465ee728b)
Start importing Assets/Sprites/Coin1.png using Guid(e01d09cd0fef30b469dd472fd7a0b878) Importer(815301076,1909f56bfc062723c751e8b465ee728b)  -> (artifact id: 'c5f12f219bdd14b4427332afa8501d02') in 0.007400 seconds
  Import took 0.009984 seconds .

========================================================================
Received Import Request.
  Time since last request: 13.458389 seconds.
  path: Assets/Sprites/Player.png
  artifactKey: Guid(a5a9e45ee8dfb1644a5831575a17b205) Importer(815301076,1909f56bfc062723c751e8b465ee728b)
Start importing Assets/Sprites/Player.png using Guid(a5a9e45ee8dfb1644a5831575a17b205) Importer(815301076,1909f56bfc062723c751e8b465ee728b)  -> (artifact id: '748249f04e60c2e4fdc2b0008428bbf5') in 0.011459 seconds
  Import took 0.014196 seconds .

========================================================================
Received Import Request.
  Time since last request: 5.827343 seconds.
  path: Assets/Sprites/Coin.png
  artifactKey: Guid(e01d09cd0fef30b469dd472fd7a0b878) Importer(815301076,1909f56bfc062723c751e8b465ee728b)
Start importing Assets/Sprites/Coin.png using Guid(e01d09cd0fef30b469dd472fd7a0b878) Importer(815301076,1909f56bfc062723c751e8b465ee728b)  -> (artifact id: '45e74831bb77d8599a400ec3bdfac9e9') in 0.009397 seconds
  Import took 0.012006 seconds .

========================================================================
Received Prepare
Registering precompiled user dll's ...
Registered in 0.000709 seconds.
Begin MonoManager ReloadAssembly
Native extension for WindowsStandalone target not found
Refreshing native plugins compatible for Editor in 0.34 ms, found 1 plugins.
Preloading 0 native plugins for Editor in 0.00 ms.
Invoked RoslynAnalysisRunner static constructor.
RoslynAnalysisRunner will not be running.
RoslynAnalysisRunner has terminated.
Mono: successfully reloaded assembly
- Completed reload, in  0.637 seconds
Platform modules already initialized, skipping
Refreshing native plugins compatible for Editor in 0.30 ms, found 1 plugins.
Preloading 0 native plugins for Editor in 0.00 ms.
Unloading 1782 Unused Serialized files (Serialized files now loaded: 0)
System memory in use before: 86.7 MB.
System memory in use after: 86.7 MB.

Unloading 12 unused Assets to reduce memory usage. Loaded Objects now: 2237.
Total: 2.040200 ms (FindLiveObjects: 0.222600 ms CreateObjectMapping: 0.035800 ms MarkObjects: 1.693100 ms  DeleteObjects: 0.087500 ms)

========================================================================
Received Import Request.
  Time since last request: 106.190192 seconds.
  path: Assets/Sprites/Player.png
  artifactKey: Guid(a5a9e45ee8dfb1644a5831575a17b205) Importer(815301076,1909f56bfc062723c751e8b465ee728b)
Start importing Assets/Sprites/Player.png using Guid(a5a9e45ee8dfb1644a5831575a17b205) Importer(815301076,1909f56bfc062723c751e8b465ee728b)  -> (artifact id: '05ad3d37698b308bd1102bc457094c32') in 0.042502 seconds
  Import took 0.045228 seconds .

========================================================================
Received Import Request.
  Time since last request: 176.212690 seconds.
  path: Assets/Scripts
  artifactKey: Guid(54dd5644c4221d64b82464627d3db2ee) Importer(815301076,1909f56bfc062723c751e8b465ee728b)
Start importing Assets/Scripts using Guid(54dd5644c4221d64b82464627d3db2ee) Importer(815301076,1909f56bfc062723c751e8b465ee728b)  -> (artifact id: '8e7d7ee7c751d264860fcc7db9b68305') in 0.002689 seconds
  Import took 0.005331 seconds .

========================================================================
Received Prepare
Registering precompiled user dll's ...
Registered in 0.000621 seconds.
Begin MonoManager ReloadAssembly
Native extension for WindowsStandalone target not found
Refreshing native plugins compatible for Editor in 0.33 ms, found 1 plugins.
Preloading 0 native plugins for Editor in 0.00 ms.
Invoked RoslynAnalysisRunner static constructor.
RoslynAnalysisRunner will not be running.
RoslynAnalysisRunner has terminated.
Mono: successfully reloaded assembly
- Completed reload, in  0.635 seconds
Platform modules already initialized, skipping
Refreshing native plugins compatible for Editor in 0.26 ms, found 1 plugins.
Preloading 0 native plugins for Editor in 0.00 ms.
Unloading 1783 Unused Serialized files (Serialized files now loaded: 0)
System memory in use before: 86.8 MB.
System memory in use after: 86.8 MB.

Unloading 12 unused Assets to reduce memory usage. Loaded Objects now: 2242.
Total: 2.132300 ms (FindLiveObjects: 0.190900 ms CreateObjectMapping: 0.041800 ms MarkObjects: 1.790400 ms  DeleteObjects: 0.107600 ms)

========================================================================
Received Import Request.
  Time since last request: 48.118119 seconds.
  path: Assets/SideToSideMovement.cs
  artifactKey: Guid(04c7879930dfb57408e6d09ad539d5ed) Importer(815301076,1909f56bfc062723c751e8b465ee728b)
Start importing Assets/SideToSideMovement.cs using Guid(04c7879930dfb57408e6d09ad539d5ed) Importer(815301076,1909f56bfc062723c751e8b465ee728b)  -> (artifact id: '04969846d333da0391bf58435dbef051') in 0.013468 seconds
  Import took 0.016148 seconds .

========================================================================
Received Prepare
Registering precompiled user dll's ...
Registered in 0.000737 seconds.
Begin MonoManager ReloadAssembly
Native extension for WindowsStandalone target not found
Refreshing native plugins compatible for Editor in 0.36 ms, found 1 plugins.
Preloading 0 native plugins for Editor in 0.00 ms.
Invoked RoslynAnalysisRunner static constructor.
RoslynAnalysisRunner will not be running.
RoslynAnalysisRunner has terminated.
Mono: successfully reloaded assembly
- Completed reload, in  0.627 seconds
Platform modules already initialized, skipping
Refreshing native plugins compatible for Editor in 0.29 ms, found 1 plugins.
Preloading 0 native plugins for Editor in 0.00 ms.
Unloading 1783 Unused Serialized files (Serialized files now loaded: 0)
System memory in use before: 86.9 MB.
System memory in use after: 86.9 MB.

Unloading 12 unused Assets to reduce memory usage. Loaded Objects now: 2245.
Total: 1.880800 ms (FindLiveObjects: 0.213600 ms CreateObjectMapping: 0.043700 ms MarkObjects: 1.530900 ms  DeleteObjects: 0.091200 ms)

========================================================================
Received Prepare
Registering precompiled user dll's ...
Registered in 0.000831 seconds.
Begin MonoManager ReloadAssembly
Native extension for WindowsStandalone target not found
Refreshing native plugins compatible for Editor in 0.36 ms, found 1 plugins.
Preloading 0 native plugins for Editor in 0.00 ms.
Invoked RoslynAnalysisRunner static constructor.
RoslynAnalysisRunner will not be running.
RoslynAnalysisRunner has terminated.
Mono: successfully reloaded assembly
- Completed reload, in  0.771 seconds
Platform modules already initialized, skipping
Refreshing native plugins compatible for Editor in 0.35 ms, found 1 plugins.
Preloading 0 native plugins for Editor in 0.00 ms.
Unloading 1783 Unused Serialized files (Serialized files now loaded: 0)
System memory in use before: 87.0 MB.
System memory in use after: 87.0 MB.

Unloading 12 unused Assets to reduce memory usage. Loaded Objects now: 2248.
Total: 2.108600 ms (FindLiveObjects: 0.259400 ms CreateObjectMapping: 0.042000 ms MarkObjects: 1.699800 ms  DeleteObjects: 0.106500 ms)

========================================================================
Received Prepare
Registering precompiled user dll's ...
Registered in 0.000772 seconds.
Begin MonoManager ReloadAssembly
Native extension for WindowsStandalone target not found
Refreshing native plugins compatible for Editor in 0.34 ms, found 1 plugins.
Preloading 0 native plugins for Editor in 0.00 ms.
Invoked RoslynAnalysisRunner static constructor.
RoslynAnalysisRunner will not be running.
RoslynAnalysisRunner has terminated.
Mono: successfully reloaded assembly
- Completed reload, in  0.638 seconds
Platform modules already initialized, skipping
Refreshing native plugins compatible for Editor in 0.33 ms, found 1 plugins.
Preloading 0 native plugins for Editor in 0.00 ms.
Unloading 1783 Unused Serialized files (Serialized files now loaded: 0)
System memory in use before: 87.0 MB.
System memory in use after: 87.0 MB.

Unloading 12 unused Assets to reduce memory usage. Loaded Objects now: 2251.
Total: 2.063200 ms (FindLiveObjects: 0.202000 ms CreateObjectMapping: 0.036700 ms MarkObjects: 1.731400 ms  DeleteObjects: 0.091600 ms)

========================================================================
Received Import Request.
  Time since last request: 115.394619 seconds.
  path: Assets/Scripts/DropSpawner.cs
  artifactKey: Guid(c90d0b1c2d2aab0489689206916ecd98) Importer(815301076,1909f56bfc062723c751e8b465ee728b)
Start importing Assets/Scripts/DropSpawner.cs using Guid(c90d0b1c2d2aab0489689206916ecd98) Importer(815301076,1909f56bfc062723c751e8b465ee728b)  -> (artifact id: '218c81935b02c73de77867fa99aa7a91') in 0.005818 seconds
  Import took 0.008545 seconds .

========================================================================
Received Prepare
Registering precompiled user dll's ...
Registered in 0.000690 seconds.
Begin MonoManager ReloadAssembly
Native extension for WindowsStandalone target not found
Refreshing native plugins compatible for Editor in 0.34 ms, found 1 plugins.
Preloading 0 native plugins for Editor in 0.00 ms.
Invoked RoslynAnalysisRunner static constructor.
RoslynAnalysisRunner will not be running.
RoslynAnalysisRunner has terminated.
Mono: successfully reloaded assembly
- Completed reload, in  0.656 seconds
Platform modules already initialized, skipping
Refreshing native plugins compatible for Editor in 0.34 ms, found 1 plugins.
Preloading 0 native plugins for Editor in 0.00 ms.
Unloading 1784 Unused Serialized files (Serialized files now loaded: 0)
System memory in use before: 87.1 MB.
System memory in use after: 87.1 MB.

Unloading 12 unused Assets to reduce memory usage. Loaded Objects now: 2255.
Total: 1.833700 ms (FindLiveObjects: 0.202100 ms CreateObjectMapping: 0.044700 ms MarkObjects: 1.488100 ms  DeleteObjects: 0.097800 ms)

========================================================================
Received Prepare
Registering precompiled user dll's ...
Registered in 0.000657 seconds.
Begin MonoManager ReloadAssembly
Native extension for WindowsStandalone target not found
Refreshing native plugins compatible for Editor in 0.34 ms, found 1 plugins.
Preloading 0 native plugins for Editor in 0.00 ms.
Invoked RoslynAnalysisRunner static constructor.
RoslynAnalysisRunner will not be running.
RoslynAnalysisRunner has terminated.
Mono: successfully reloaded assembly
- Completed reload, in  0.639 seconds
Platform modules already initialized, skipping
Refreshing native plugins compatible for Editor in 0.31 ms, found 1 plugins.
Preloading 0 native plugins for Editor in 0.00 ms.
Unloading 1784 Unused Serialized files (Serialized files now loaded: 0)
System memory in use before: 87.2 MB.
System memory in use after: 87.2 MB.

Unloading 12 unused Assets to reduce memory usage. Loaded Objects now: 2258.
Total: 1.858400 ms (FindLiveObjects: 0.219900 ms CreateObjectMapping: 0.039100 ms MarkObjects: 1.505000 ms  DeleteObjects: 0.092400 ms)

========================================================================
Received Import Request.
  Time since last request: 714.499344 seconds.
  path: Assets/Scripts/DropSpawner.cs
  artifactKey: Guid(c90d0b1c2d2aab0489689206916ecd98) Importer(815301076,1909f56bfc062723c751e8b465ee728b)
Start importing Assets/Scripts/DropSpawner.cs using Guid(c90d0b1c2d2aab0489689206916ecd98) Importer(815301076,1909f56bfc062723c751e8b465ee728b)  -> (artifact id: 'e4914b7434b84cabef7f8fc81ebf376d') in 0.005764 seconds
  Import took 0.008751 seconds .

========================================================================
Received Prepare
Registering precompiled user dll's ...
Registered in 0.000819 seconds.
Begin MonoManager ReloadAssembly
Native extension for WindowsStandalone target not found
Refreshing native plugins compatible for Editor in 0.35 ms, found 1 plugins.
Preloading 0 native plugins for Editor in 0.00 ms.
Invoked RoslynAnalysisRunner static constructor.
RoslynAnalysisRunner will not be running.
RoslynAnalysisRunner has terminated.
Mono: successfully reloaded assembly
- Completed reload, in  0.633 seconds
Platform modules already initialized, skipping
Refreshing native plugins compatible for Editor in 0.25 ms, found 1 plugins.
Preloading 0 native plugins for Editor in 0.00 ms.
Unloading 1784 Unused Serialized files (Serialized files now loaded: 0)
System memory in use before: 87.3 MB.
System memory in use after: 87.3 MB.

Unloading 12 unused Assets to reduce memory usage. Loaded Objects now: 2261.
Total: 2.174000 ms (FindLiveObjects: 0.247400 ms CreateObjectMapping: 0.041800 ms MarkObjects: 1.790700 ms  DeleteObjects: 0.092700 ms)

========================================================================
Received Import Request.
  Time since last request: 218.809007 seconds.
  path: Assets/Scripts/DropSpawner.cs
  artifactKey: Guid(c90d0b1c2d2aab0489689206916ecd98) Importer(815301076,1909f56bfc062723c751e8b465ee728b)
Start importing Assets/Scripts/DropSpawner.cs using Guid(c90d0b1c2d2aab0489689206916ecd98) Importer(815301076,1909f56bfc062723c751e8b465ee728b)  -> (artifact id: 'bf37b2d81c4dff0b31a1507b0b573091') in 0.005095 seconds
  Import took 0.007708 seconds .

========================================================================
Received Prepare
Registering precompiled user dll's ...
Registered in 0.000737 seconds.
Begin MonoManager ReloadAssembly
Native extension for WindowsStandalone target not found
Refreshing native plugins compatible for Editor in 0.35 ms, found 1 plugins.
Preloading 0 native plugins for Editor in 0.00 ms.
Invoked RoslynAnalysisRunner static constructor.
RoslynAnalysisRunner will not be running.
RoslynAnalysisRunner has terminated.
Mono: successfully reloaded assembly
- Completed reload, in  0.636 seconds
Platform modules already initialized, skipping
Refreshing native plugins compatible for Editor in 0.30 ms, found 1 plugins.
Preloading 0 native plugins for Editor in 0.00 ms.
Unloading 1784 Unused Serialized files (Serialized files now loaded: 0)
System memory in use before: 87.3 MB.
System memory in use after: 87.3 MB.

Unloading 12 unused Assets to reduce memory usage. Loaded Objects now: 2264.
Total: 2.280000 ms (FindLiveObjects: 0.322600 ms CreateObjectMapping: 0.054700 ms MarkObjects: 1.799700 ms  DeleteObjects: 0.101700 ms)

========================================================================
Received Prepare
Registering precompiled user dll's ...
Registered in 0.000980 seconds.
Begin MonoManager ReloadAssembly
Native extension for WindowsStandalone target not found
Refreshing native plugins compatible for Editor in 0.35 ms, found 1 plugins.
Preloading 0 native plugins for Editor in 0.00 ms.
Invoked RoslynAnalysisRunner static constructor.
RoslynAnalysisRunner will not be running.
RoslynAnalysisRunner has terminated.
Mono: successfully reloaded assembly
- Completed reload, in  0.639 seconds
Platform modules already initialized, skipping
Refreshing native plugins compatible for Editor in 0.32 ms, found 1 plugins.
Preloading 0 native plugins for Editor in 0.00 ms.
Unloading 1784 Unused Serialized files (Serialized files now loaded: 0)
System memory in use before: 87.4 MB.
System memory in use after: 87.4 MB.

Unloading 12 unused Assets to reduce memory usage. Loaded Objects now: 2267.
Total: 1.759800 ms (FindLiveObjects: 0.218800 ms CreateObjectMapping: 0.039900 ms MarkObjects: 1.412100 ms  DeleteObjects: 0.087000 ms)

========================================================================
Received Prepare
Registering precompiled user dll's ...
Registered in 0.000660 seconds.
Begin MonoManager ReloadAssembly
Native extension for WindowsStandalone target not found
Refreshing native plugins compatible for Editor in 0.46 ms, found 1 plugins.
Preloading 0 native plugins for Editor in 0.00 ms.
Invoked RoslynAnalysisRunner static constructor.
RoslynAnalysisRunner will not be running.
RoslynAnalysisRunner has terminated.
Mono: successfully reloaded assembly
- Completed reload, in  0.638 seconds
Platform modules already initialized, skipping
Refreshing native plugins compatible for Editor in 0.24 ms, found 1 plugins.
Preloading 0 native plugins for Editor in 0.00 ms.
Unloading 1784 Unused Serialized files (Serialized files now loaded: 0)
System memory in use before: 87.5 MB.
System memory in use after: 87.5 MB.

Unloading 12 unused Assets to reduce memory usage. Loaded Objects now: 2270.
Total: 2.893900 ms (FindLiveObjects: 0.322900 ms CreateObjectMapping: 0.041200 ms MarkObjects: 2.398400 ms  DeleteObjects: 0.130100 ms)

========================================================================
Received Import Request.
  Time since last request: 123.173609 seconds.
  path: Assets/Scripts/PlayerScore.cs
  artifactKey: Guid(ab38059c2c3ffa4418a0a0d568ae4162) Importer(815301076,1909f56bfc062723c751e8b465ee728b)
Start importing Assets/Scripts/PlayerScore.cs using Guid(ab38059c2c3ffa4418a0a0d568ae4162) Importer(815301076,1909f56bfc062723c751e8b465ee728b)  -> (artifact id: 'e3e235b4b65b1df22c09a87421b6891f') in 0.005483 seconds
  Import took 0.008287 seconds .

========================================================================
Received Prepare
Registering precompiled user dll's ...
Registered in 0.000750 seconds.
Begin MonoManager ReloadAssembly
Native extension for WindowsStandalone target not found
Refreshing native plugins compatible for Editor in 0.35 ms, found 1 plugins.
Preloading 0 native plugins for Editor in 0.00 ms.
Invoked RoslynAnalysisRunner static constructor.
RoslynAnalysisRunner will not be running.
RoslynAnalysisRunner has terminated.
Mono: successfully reloaded assembly
- Completed reload, in  0.682 seconds
Platform modules already initialized, skipping
Refreshing native plugins compatible for Editor in 0.36 ms, found 1 plugins.
Preloading 0 native plugins for Editor in 0.00 ms.
Unloading 1785 Unused Serialized files (Serialized files now loaded: 0)
System memory in use before: 87.5 MB.
System memory in use after: 87.5 MB.

Unloading 12 unused Assets to reduce memory usage. Loaded Objects now: 2274.
Total: 1.961800 ms (FindLiveObjects: 0.211700 ms CreateObjectMapping: 0.039500 ms MarkObjects: 1.610500 ms  DeleteObjects: 0.098900 ms)

========================================================================
Received Prepare
Registering precompiled user dll's ...
Registered in 0.000694 seconds.
Begin MonoManager ReloadAssembly
Native extension for WindowsStandalone target not found
Refreshing native plugins compatible for Editor in 0.35 ms, found 1 plugins.
Preloading 0 native plugins for Editor in 0.00 ms.
Invoked RoslynAnalysisRunner static constructor.
RoslynAnalysisRunner will not be running.
RoslynAnalysisRunner has terminated.
Mono: successfully reloaded assembly
- Completed reload, in  0.641 seconds
Platform modules already initialized, skipping
Refreshing native plugins compatible for Editor in 0.29 ms, found 1 plugins.
Preloading 0 native plugins for Editor in 0.00 ms.
Unloading 1785 Unused Serialized files (Serialized files now loaded: 0)
System memory in use before: 87.6 MB.
System memory in use after: 87.6 MB.

Unloading 12 unused Assets to reduce memory usage. Loaded Objects now: 2277.
Total: 1.897700 ms (FindLiveObjects: 0.212200 ms CreateObjectMapping: 0.038900 ms MarkObjects: 1.551400 ms  DeleteObjects: 0.093900 ms)

========================================================================
Received Import Request.
  Time since last request: 349.573461 seconds.
  path: Assets/Scripts/PlayerScore.cs
  artifactKey: Guid(ab38059c2c3ffa4418a0a0d568ae4162) Importer(815301076,1909f56bfc062723c751e8b465ee728b)
Start importing Assets/Scripts/PlayerScore.cs using Guid(ab38059c2c3ffa4418a0a0d568ae4162) Importer(815301076,1909f56bfc062723c751e8b465ee728b)  -> (artifact id: 'b87628f921887d24ca7e954c712624c7') in 0.005871 seconds
  Import took 0.008985 seconds .

========================================================================
Received Prepare
Registering precompiled user dll's ...
Registered in 0.000723 seconds.
Begin MonoManager ReloadAssembly
Native extension for WindowsStandalone target not found
Refreshing native plugins compatible for Editor in 0.37 ms, found 1 plugins.
Preloading 0 native plugins for Editor in 0.00 ms.
Invoked RoslynAnalysisRunner static constructor.
RoslynAnalysisRunner will not be running.
RoslynAnalysisRunner has terminated.
Mono: successfully reloaded assembly
- Completed reload, in  0.650 seconds
Platform modules already initialized, skipping
Refreshing native plugins compatible for Editor in 0.32 ms, found 1 plugins.
Preloading 0 native plugins for Editor in 0.00 ms.
Unloading 1785 Unused Serialized files (Serialized files now loaded: 0)
System memory in use before: 87.7 MB.
System memory in use after: 87.7 MB.

Unloading 12 unused Assets to reduce memory usage. Loaded Objects now: 2280.
Total: 2.257900 ms (FindLiveObjects: 0.314500 ms CreateObjectMapping: 0.055500 ms MarkObjects: 1.783700 ms  DeleteObjects: 0.103000 ms)

========================================================================
Received Prepare
Registering precompiled user dll's ...
Registered in 0.000685 seconds.
Begin MonoManager ReloadAssembly
Native extension for WindowsStandalone target not found
Refreshing native plugins compatible for Editor in 0.34 ms, found 1 plugins.
Preloading 0 native plugins for Editor in 0.00 ms.
Invoked RoslynAnalysisRunner static constructor.
RoslynAnalysisRunner will not be running.
RoslynAnalysisRunner has terminated.
Mono: successfully reloaded assembly
- Completed reload, in  0.624 seconds
Platform modules already initialized, skipping
Refreshing native plugins compatible for Editor in 0.21 ms, found 1 plugins.
Preloading 0 native plugins for Editor in 0.00 ms.
Unloading 1785 Unused Serialized files (Serialized files now loaded: 0)
System memory in use before: 87.7 MB.
System memory in use after: 87.7 MB.

Unloading 12 unused Assets to reduce memory usage. Loaded Objects now: 2283.
Total: 2.017900 ms (FindLiveObjects: 0.198000 ms CreateObjectMapping: 0.037500 ms MarkObjects: 1.690200 ms  DeleteObjects: 0.090800 ms)

========================================================================
Received Import Request.
  Time since last request: 331.591001 seconds.
  path: Assets/Scripts/DropSpawner.cs
  artifactKey: Guid(c90d0b1c2d2aab0489689206916ecd98) Importer(815301076,1909f56bfc062723c751e8b465ee728b)
Start importing Assets/Scripts/DropSpawner.cs using Guid(c90d0b1c2d2aab0489689206916ecd98) Importer(815301076,1909f56bfc062723c751e8b465ee728b)  -> (artifact id: '665add1902beb3fd9cdfa563bbe0f693') in 0.004988 seconds
  Import took 0.007698 seconds .

========================================================================
Received Import Request.
  Time since last request: 0.007996 seconds.
  path: Assets/Scripts/DropSpawner.cs
  artifactKey: Guid(c90d0b1c2d2aab0489689206916ecd98) Importer(815301076,1909f56bfc062723c751e8b465ee728b)
Start importing Assets/Scripts/DropSpawner.cs using Guid(c90d0b1c2d2aab0489689206916ecd98) Importer(815301076,1909f56bfc062723c751e8b465ee728b)  -> (artifact id: '665add1902beb3fd9cdfa563bbe0f693') in 0.002529 seconds
  Import took 0.004695 seconds .

========================================================================
Received Prepare
Registering precompiled user dll's ...
Registered in 0.000718 seconds.
Begin MonoManager ReloadAssembly
Native extension for WindowsStandalone target not found
Refreshing native plugins compatible for Editor in 0.34 ms, found 1 plugins.
Preloading 0 native plugins for Editor in 0.00 ms.
Invoked RoslynAnalysisRunner static constructor.
RoslynAnalysisRunner will not be running.
RoslynAnalysisRunner has terminated.
Mono: successfully reloaded assembly
- Completed reload, in  0.683 seconds
Platform modules already initialized, skipping
Refreshing native plugins compatible for Editor in 0.29 ms, found 1 plugins.
Preloading 0 native plugins for Editor in 0.00 ms.
Unloading 1785 Unused Serialized files (Serialized files now loaded: 0)
System memory in use before: 87.8 MB.
System memory in use after: 87.8 MB.

Unloading 12 unused Assets to reduce memory usage. Loaded Objects now: 2286.
Total: 2.066300 ms (FindLiveObjects: 0.210000 ms CreateObjectMapping: 0.044700 ms MarkObjects: 1.720000 ms  DeleteObjects: 0.089800 ms)

========================================================================
Received Import Request.
  Time since last request: 103.115176 seconds.
  path: Assets/Scripts/PlayerScore.cs
  artifactKey: Guid(ab38059c2c3ffa4418a0a0d568ae4162) Importer(815301076,1909f56bfc062723c751e8b465ee728b)
Start importing Assets/Scripts/PlayerScore.cs using Guid(ab38059c2c3ffa4418a0a0d568ae4162) Importer(815301076,1909f56bfc062723c751e8b465ee728b)  -> (artifact id: '344b8bc9c6a622324707190d3a04085d') in 0.005436 seconds
  Import took 0.008112 seconds .

========================================================================
Received Import Request.
  Time since last request: 1.701019 seconds.
  path: Assets/Coin.prefab
  artifactKey: Guid(33b4bcefd02416c4a8a2d274d449cedf) Importer(815301076,1909f56bfc062723c751e8b465ee728b)
Start importing Assets/Coin.prefab using Guid(33b4bcefd02416c4a8a2d274d449cedf) Importer(815301076,1909f56bfc062723c751e8b465ee728b)  -> (artifact id: '9ffc0ed770aac9098aac1b42647a2f61') in 0.045696 seconds
  Import took 0.048460 seconds .

========================================================================
Received Import Request.
  Time since last request: 0.018900 seconds.
  path: Assets/Coin.prefab
  artifactKey: Guid(33b4bcefd02416c4a8a2d274d449cedf) Importer(815301076,1909f56bfc062723c751e8b465ee728b)
Start importing Assets/Coin.prefab using Guid(33b4bcefd02416c4a8a2d274d449cedf) Importer(815301076,1909f56bfc062723c751e8b465ee728b)  -> (artifact id: '9ffc0ed770aac9098aac1b42647a2f61') in 0.009238 seconds
  Import took 0.011785 seconds .

========================================================================
Received Prepare
Registering precompiled user dll's ...
Registered in 0.000831 seconds.
Begin MonoManager ReloadAssembly
Native extension for WindowsStandalone target not found
Refreshing native plugins compatible for Editor in 0.55 ms, found 1 plugins.
Preloading 0 native plugins for Editor in 0.00 ms.
Invoked RoslynAnalysisRunner static constructor.
RoslynAnalysisRunner will not be running.
RoslynAnalysisRunner has terminated.
Mono: successfully reloaded assembly
- Completed reload, in  0.653 seconds
Platform modules already initialized, skipping
Refreshing native plugins compatible for Editor in 0.34 ms, found 1 plugins.
Preloading 0 native plugins for Editor in 0.00 ms.
Unloading 1785 Unused Serialized files (Serialized files now loaded: 0)
System memory in use before: 87.9 MB.
System memory in use after: 87.9 MB.

Unloading 12 unused Assets to reduce memory usage. Loaded Objects now: 2294.
Total: 1.768900 ms (FindLiveObjects: 0.209700 ms CreateObjectMapping: 0.038200 ms MarkObjects: 1.429500 ms  DeleteObjects: 0.090000 ms)

========================================================================
Received Prepare
Registering precompiled user dll's ...
Registered in 0.000716 seconds.
Begin MonoManager ReloadAssembly
Native extension for WindowsStandalone target not found
Refreshing native plugins compatible for Editor in 0.33 ms, found 1 plugins.
Preloading 0 native plugins for Editor in 0.00 ms.
Invoked RoslynAnalysisRunner static constructor.
RoslynAnalysisRunner will not be running.
RoslynAnalysisRunner has terminated.
Mono: successfully reloaded assembly
- Completed reload, in  0.633 seconds
Platform modules already initialized, skipping
Refreshing native plugins compatible for Editor in 0.27 ms, found 1 plugins.
Preloading 0 native plugins for Editor in 0.00 ms.
Unloading 1785 Unused Serialized files (Serialized files now loaded: 0)
System memory in use before: 88.0 MB.
System memory in use after: 88.0 MB.

Unloading 12 unused Assets to reduce memory usage. Loaded Objects now: 2297.
Total: 2.387900 ms (FindLiveObjects: 0.654600 ms CreateObjectMapping: 0.038600 ms MarkObjects: 1.600100 ms  DeleteObjects: 0.093100 ms)

========================================================================
Received Prepare
Registering precompiled user dll's ...
Registered in 0.001150 seconds.
Begin MonoManager ReloadAssembly
Native extension for WindowsStandalone target not found
Refreshing native plugins compatible for Editor in 0.42 ms, found 1 plugins.
Preloading 0 native plugins for Editor in 0.00 ms.
Invoked RoslynAnalysisRunner static constructor.
RoslynAnalysisRunner will not be running.
RoslynAnalysisRunner has terminated.
Mono: successfully reloaded assembly
- Completed reload, in  0.731 seconds
Platform modules already initialized, skipping
Refreshing native plugins compatible for Editor in 0.52 ms, found 1 plugins.
Preloading 0 native plugins for Editor in 0.00 ms.
Unloading 1785 Unused Serialized files (Serialized files now loaded: 0)
System memory in use before: 88.1 MB.
System memory in use after: 88.1 MB.

Unloading 12 unused Assets to reduce memory usage. Loaded Objects now: 2300.
Total: 2.438500 ms (FindLiveObjects: 0.255000 ms CreateObjectMapping: 0.039700 ms MarkObjects: 1.983600 ms  DeleteObjects: 0.158600 ms)

========================================================================
Received Prepare
Registering precompiled user dll's ...
Registered in 0.000712 seconds.
Begin MonoManager ReloadAssembly
Native extension for WindowsStandalone target not found
Refreshing native plugins compatible for Editor in 0.36 ms, found 1 plugins.
Preloading 0 native plugins for Editor in 0.00 ms.
Invoked RoslynAnalysisRunner static constructor.
RoslynAnalysisRunner will not be running.
RoslynAnalysisRunner has terminated.
Mono: successfully reloaded assembly
- Completed reload, in  0.661 seconds
Platform modules already initialized, skipping
Refreshing native plugins compatible for Editor in 0.34 ms, found 1 plugins.
Preloading 0 native plugins for Editor in 0.00 ms.
Unloading 1785 Unused Serialized files (Serialized files now loaded: 0)
System memory in use before: 88.1 MB.
System memory in use after: 88.1 MB.

Unloading 12 unused Assets to reduce memory usage. Loaded Objects now: 2303.
Total: 1.833400 ms (FindLiveObjects: 0.215000 ms CreateObjectMapping: 0.038000 ms MarkObjects: 1.463400 ms  DeleteObjects: 0.115600 ms)

========================================================================
Received Prepare
Registering precompiled user dll's ...
Registered in 0.000845 seconds.
Begin MonoManager ReloadAssembly
Native extension for WindowsStandalone target not found
Refreshing native plugins compatible for Editor in 0.41 ms, found 1 plugins.
Preloading 0 native plugins for Editor in 0.00 ms.
Invoked RoslynAnalysisRunner static constructor.
RoslynAnalysisRunner will not be running.
RoslynAnalysisRunner has terminated.
Mono: successfully reloaded assembly
- Completed reload, in  0.649 seconds
Platform modules already initialized, skipping
Refreshing native plugins compatible for Editor in 0.33 ms, found 1 plugins.
Preloading 0 native plugins for Editor in 0.00 ms.
Unloading 1785 Unused Serialized files (Serialized files now loaded: 0)
System memory in use before: 88.2 MB.
System memory in use after: 88.2 MB.

Unloading 12 unused Assets to reduce memory usage. Loaded Objects now: 2306.
Total: 2.023400 ms (FindLiveObjects: 0.220400 ms CreateObjectMapping: 0.036900 ms MarkObjects: 1.672500 ms  DeleteObjects: 0.092000 ms)

========================================================================
Received Prepare
Registering precompiled user dll's ...
Registered in 0.000728 seconds.
Begin MonoManager ReloadAssembly
Native extension for WindowsStandalone target not found
Refreshing native plugins compatible for Editor in 0.39 ms, found 1 plugins.
Preloading 0 native plugins for Editor in 0.00 ms.
Invoked RoslynAnalysisRunner static constructor.
RoslynAnalysisRunner will not be running.
RoslynAnalysisRunner has terminated.
Mono: successfully reloaded assembly
- Completed reload, in  0.700 seconds
Platform modules already initialized, skipping
Refreshing native plugins compatible for Editor in 0.41 ms, found 1 plugins.
Preloading 0 native plugins for Editor in 0.00 ms.
Unloading 1785 Unused Serialized files (Serialized files now loaded: 0)
System memory in use before: 88.2 MB.
System memory in use after: 88.2 MB.

Unloading 12 unused Assets to reduce memory usage. Loaded Objects now: 2309.
Total: 2.284200 ms (FindLiveObjects: 0.245300 ms CreateObjectMapping: 0.038400 ms MarkObjects: 1.893200 ms  DeleteObjects: 0.105900 ms)

========================================================================
Received Prepare
Registering precompiled user dll's ...
Registered in 0.000699 seconds.
Begin MonoManager ReloadAssembly
Native extension for WindowsStandalone target not found
Refreshing native plugins compatible for Editor in 0.34 ms, found 1 plugins.
Preloading 0 native plugins for Editor in 0.00 ms.
Invoked RoslynAnalysisRunner static constructor.
RoslynAnalysisRunner will not be running.
RoslynAnalysisRunner has terminated.
Mono: successfully reloaded assembly
- Completed reload, in  0.628 seconds
Platform modules already initialized, skipping
Refreshing native plugins compatible for Editor in 0.30 ms, found 1 plugins.
Preloading 0 native plugins for Editor in 0.00 ms.
Unloading 1785 Unused Serialized files (Serialized files now loaded: 0)
System memory in use before: 88.3 MB.
System memory in use after: 88.3 MB.

Unloading 12 unused Assets to reduce memory usage. Loaded Objects now: 2312.
Total: 2.071400 ms (FindLiveObjects: 0.211200 ms CreateObjectMapping: 0.037100 ms MarkObjects: 1.719400 ms  DeleteObjects: 0.102300 ms)

AssetImportWorkerClient::OnTransportError - code=2 error=End of file
